[debug] [2024-01-05T05:30:19.683Z] ----------------------------------------------------------------------
[debug] [2024-01-05T05:30:19.687Z] Command:       C:\Program Files\nodejs\node.exe C:\Users\lrfb2\AppData\Roaming\npm\node_modules\firebase-tools\lib\bin\firebase.js init hosting
[debug] [2024-01-05T05:30:19.687Z] CLI Version:   13.0.1
[debug] [2024-01-05T05:30:19.687Z] Platform:      win32
[debug] [2024-01-05T05:30:19.688Z] Node Version:  v21.5.0
[debug] [2024-01-05T05:30:19.688Z] Time:          Fri Jan 05 2024 16:30:19 GMT+1100 (Australian Eastern Daylight Time)
[debug] [2024-01-05T05:30:19.688Z] ----------------------------------------------------------------------
[debug] 
[debug] [2024-01-05T05:30:19.693Z] >>> [apiv2][query] GET https://firebase-public.firebaseio.com/cli.json [none]
[debug] [2024-01-05T05:30:19.906Z] > command requires scopes: ["email","openid","https://www.googleapis.com/auth/cloudplatformprojects.readonly","https://www.googleapis.com/auth/firebase","https://www.googleapis.com/auth/cloud-platform"]
[debug] [2024-01-05T05:30:19.908Z] > authorizing via signed-in user (lrfb212@gmail.com)
[info] 
     ######## #### ########  ######## ########     ###     ######  ########
     ##        ##  ##     ## ##       ##     ##  ##   ##  ##       ##
     ######    ##  ########  ######   ########  #########  ######  ######
     ##        ##  ##    ##  ##       ##     ## ##     ##       ## ##
     ##       #### ##     ## ######## ########  ##     ##  ######  ########

You're about to initialize a Firebase project in this directory:

  C:\LR\Workspace\ig-clone\instagram-clone

Before we get started, keep in mind:

  * You are currently outside your home directory
  * You are initializing within an existing Firebase project directory

[debug] [2024-01-05T05:30:20.611Z] <<< [apiv2][status] GET https://firebase-public.firebaseio.com/cli.json 200
[debug] [2024-01-05T05:30:20.612Z] <<< [apiv2][body] GET https://firebase-public.firebaseio.com/cli.json {"cloudBuildErrorAfter":1594252800000,"cloudBuildWarnAfter":1590019200000,"defaultNode10After":1594252800000,"minVersion":"3.0.5","node8DeploysDisabledAfter":1613390400000,"node8RuntimeDisabledAfter":1615809600000,"node8WarnAfter":1600128000000}
[debug] [2024-01-05T05:31:32.424Z] ----------------------------------------------------------------------
[debug] [2024-01-05T05:31:32.435Z] Command:       C:\Program Files\nodejs\node.exe C:\Users\lrfb2\AppData\Roaming\npm\node_modules\firebase-tools\lib\bin\firebase.js init hosting
[debug] [2024-01-05T05:31:32.435Z] CLI Version:   13.0.1
[debug] [2024-01-05T05:31:32.436Z] Platform:      win32
[debug] [2024-01-05T05:31:32.436Z] Node Version:  v21.5.0
[debug] [2024-01-05T05:31:32.436Z] Time:          Fri Jan 05 2024 16:31:32 GMT+1100 (Australian Eastern Daylight Time)
[debug] [2024-01-05T05:31:32.436Z] ----------------------------------------------------------------------
[debug] 
[debug] [2024-01-05T05:31:32.515Z] > command requires scopes: ["email","openid","https://www.googleapis.com/auth/cloudplatformprojects.readonly","https://www.googleapis.com/auth/firebase","https://www.googleapis.com/auth/cloud-platform"]
[debug] [2024-01-05T05:31:32.515Z] > authorizing via signed-in user (lrfb212@gmail.com)
[info] 
     ######## #### ########  ######## ########     ###     ######  ########
     ##        ##  ##     ## ##       ##     ##  ##   ##  ##       ##
     ######    ##  ########  ######   ########  #########  ######  ######
     ##        ##  ##    ##  ##       ##     ## ##     ##       ## ##
     ##       #### ##     ## ######## ########  ##     ##  ######  ########

You're about to initialize a Firebase project in this directory:

  C:\LR\Workspace\ig-clone\instagram-clone

Before we get started, keep in mind:

  * You are currently outside your home directory
  * You are initializing within an existing Firebase project directory

